<?xml version="1.0" encoding="UTF-8"?>
<!-- Generated by org.testng.reporters.JUnitXMLReporter -->
<testsuite ignored="0" hostname="APL-5CD5082LVF" failures="1" tests="1" name="Default test" time="8.429" errors="0" timestamp="2025-09-16T15:33:56 IST">
  <testcase classname="io.cucumber.testng.AbstractTestNGCucumberTests" name="runScenario" time="7.722">
    <failure type="io.cucumber.java.PendingException" message="TODO: implement me">
      <![CDATA[io.cucumber.java.PendingException: TODO: implement me
at StepDefination.CreateAccountStepdef.i_should_see_a_success_message(CreateAccountStepdef.java:69)
at âœ½.I should see a success message "User account created successfully"(file:///C:/Users/RA20586924/eclipse-workspace/Banking-Application-Testing/src/test/resources/features/CreateAccount.feature:11)
]]>
    </failure>
  </testcase> <!-- runScenario -->
</testsuite> <!-- Default test -->
