<?xml version="1.0" encoding="UTF-8"?>
<!-- Generated by org.testng.reporters.JUnitReportReporter -->
<testsuite hostname="APL-5CD5082LVF" failures="0" tests="1" name="runner.TestRunner" time="7.722" errors="1" timestamp="2025-09-16T15:33:56 IST" skipped="0">
  <testcase classname="runner.TestRunner" name="runScenario" time="7.722">
    <error message="TODO: implement me" type="io.cucumber.java.PendingException">
      <![CDATA[io.cucumber.java.PendingException: TODO: implement me
at StepDefination.CreateAccountStepdef.i_should_see_a_success_message(CreateAccountStepdef.java:69)
at âœ½.I should see a success message "User account created successfully"(file:///C:/Users/RA20586924/eclipse-workspace/Banking-Application-Testing/src/test/resources/features/CreateAccount.feature:11)
]]>
    </error>
  </testcase> <!-- runScenario -->
</testsuite> <!-- runner.TestRunner -->
